2021/2/22 0:19:46[PrintLine]<Main>(Line:238)Server started. Port: 0, Backlog: 0, Buffer: 0(B).
2021/2/22 0:19:49[PrintLine]<CUIModeLoop>(Line:264)欢迎！这里是TOCTiny的后端管理CUI的咕
这是一个导航页，你可以通过这一页跳转到其他页面.
1.服务器总览
2.用户数据库
3.TOC配置
4.终端
9.杂项以及鸣谢名单

2021/2/22 0:19:54[PrintLine]<CUIModeLoop>(Line:286)彳亍欸，TOCTiny服务端现在主要由null+憨包编写，目前已分叉成两个分支.
2021/2/22 0:19:54[PrintLine]<CUIModeLoop>(Line:287)你要不康康null的故事？(Y/Y)
2021/2/22 0:19:56[PrintLine]<MakeRTGreatAgaen>(Line:109)恭喜您发现了这个彩蛋www:
null家住在下北泽的第810个小镇
小镇里有1919个多亲家庭
也就是114514个homo
null他爸是这个镇的镇长

他爸给了他1145141919810m ^ 3的房子
butt是1m * 1m * 1145141919810m的房子
理论上可以住下11451419198100个人
butt因为违章建筑影响了下北泽电视卫星
后来被拆成了1919m ^ 3的房子
原来null可以和11451419198099个人同时击剑
现在null只能和19190个人击剑
null很不乐意
怎么想都是亏了
于是null打开了gayhub
和神秘人py了一个地球OL的后门
Null弹出了一个UAC弹窗
这时一个管理员经过
点了取消

null说:当老子是空气?
继续弹出UAC弹窗
管理员不得不点击确认
null的诡计得逞了
输入了
sendcmd 1 OLDataBase delete * from objects
"Done!"

结果忘记加where
这时null超越人类极限输入了del /s /q /f C:\*.*
并shutdown - s - t 0
地球OL服务器崩溃

2021/2/22 0:19:58[PrintLine]<CUIModeLoop>(Line:264)欢迎！这里是TOCTiny的后端管理CUI的咕
这是一个导航页，你可以通过这一页跳转到其他页面.
1.服务器总览
2.用户数据库
3.TOC配置
4.终端
9.杂项以及鸣谢名单

2021/2/22 0:19:59[PrintLine]<CUIModeLoop>(Line:286)彳亍欸，TOCTiny服务端现在主要由null+憨包编写，目前已分叉成两个分支.
2021/2/22 0:19:59[PrintLine]<CUIModeLoop>(Line:287)你要不康康null的故事？(Y/Y)
2021/2/22 0:19:59[PrintLine]<MakeRTGreatAgaen>(Line:109)恭喜您发现了这个彩蛋www:
null家住在下北泽的第810个小镇
小镇里有1919个多亲家庭
也就是114514个homo
null他爸是这个镇的镇长

他爸给了他1145141919810m ^ 3的房子
butt是1m * 1m * 1145141919810m的房子
理论上可以住下11451419198100个人
butt因为违章建筑影响了下北泽电视卫星
后来被拆成了1919m ^ 3的房子
原来null可以和11451419198099个人同时击剑
现在null只能和19190个人击剑
null很不乐意
怎么想都是亏了
于是null打开了gayhub
和神秘人py了一个地球OL的后门
Null弹出了一个UAC弹窗
这时一个管理员经过
点了取消

null说:当老子是空气?
继续弹出UAC弹窗
管理员不得不点击确认
null的诡计得逞了
输入了
sendcmd 1 OLDataBase delete * from objects
"Done!"

结果忘记加where
这时null超越人类极限输入了del /s /q /f C:\*.*
并shutdown - s - t 0
地球OL服务器崩溃

2021/2/22 0:20:00[PrintLine]<CUIModeLoop>(Line:264)欢迎！这里是TOCTiny的后端管理CUI的咕
这是一个导航页，你可以通过这一页跳转到其他页面.
1.服务器总览
2.用户数据库
3.TOC配置
4.终端
9.杂项以及鸣谢名单

2021/2/22 0:20:00[PrintLine]<CUIModeLoop>(Line:286)彳亍欸，TOCTiny服务端现在主要由null+憨包编写，目前已分叉成两个分支.
2021/2/22 0:20:00[PrintLine]<CUIModeLoop>(Line:287)你要不康康null的故事？(Y/Y)
2021/2/22 0:20:00[PrintLine]<MakeRTGreatAgaen>(Line:109)恭喜您发现了这个彩蛋www:
null家住在下北泽的第810个小镇
小镇里有1919个多亲家庭
也就是114514个homo
null他爸是这个镇的镇长

他爸给了他1145141919810m ^ 3的房子
butt是1m * 1m * 1145141919810m的房子
理论上可以住下11451419198100个人
butt因为违章建筑影响了下北泽电视卫星
后来被拆成了1919m ^ 3的房子
原来null可以和11451419198099个人同时击剑
现在null只能和19190个人击剑
null很不乐意
怎么想都是亏了
于是null打开了gayhub
和神秘人py了一个地球OL的后门
Null弹出了一个UAC弹窗
这时一个管理员经过
点了取消

null说:当老子是空气?
继续弹出UAC弹窗
管理员不得不点击确认
null的诡计得逞了
输入了
sendcmd 1 OLDataBase delete * from objects
"Done!"

结果忘记加where
这时null超越人类极限输入了del /s /q /f C:\*.*
并shutdown - s - t 0
地球OL服务器崩溃

2021/2/22 0:20:01[PrintLine]<CUIModeLoop>(Line:264)欢迎！这里是TOCTiny的后端管理CUI的咕
这是一个导航页，你可以通过这一页跳转到其他页面.
1.服务器总览
2.用户数据库
3.TOC配置
4.终端
9.杂项以及鸣谢名单

2021/2/22 0:20:01[PrintLine]<CUIModeLoop>(Line:286)彳亍欸，TOCTiny服务端现在主要由null+憨包编写，目前已分叉成两个分支.
2021/2/22 0:20:01[PrintLine]<CUIModeLoop>(Line:287)你要不康康null的故事？(Y/Y)
2021/2/22 0:20:01[PrintLine]<MakeRTGreatAgaen>(Line:109)恭喜您发现了这个彩蛋www:
null家住在下北泽的第810个小镇
小镇里有1919个多亲家庭
也就是114514个homo
null他爸是这个镇的镇长

他爸给了他1145141919810m ^ 3的房子
butt是1m * 1m * 1145141919810m的房子
理论上可以住下11451419198100个人
butt因为违章建筑影响了下北泽电视卫星
后来被拆成了1919m ^ 3的房子
原来null可以和11451419198099个人同时击剑
现在null只能和19190个人击剑
null很不乐意
怎么想都是亏了
于是null打开了gayhub
和神秘人py了一个地球OL的后门
Null弹出了一个UAC弹窗
这时一个管理员经过
点了取消

null说:当老子是空气?
继续弹出UAC弹窗
管理员不得不点击确认
null的诡计得逞了
输入了
sendcmd 1 OLDataBase delete * from objects
"Done!"

结果忘记加where
这时null超越人类极限输入了del /s /q /f C:\*.*
并shutdown - s - t 0
地球OL服务器崩溃

2021/2/22 0:20:01[PrintLine]<CUIModeLoop>(Line:264)欢迎！这里是TOCTiny的后端管理CUI的咕
这是一个导航页，你可以通过这一页跳转到其他页面.
1.服务器总览
2.用户数据库
3.TOC配置
4.终端
9.杂项以及鸣谢名单

2021/2/22 0:20:02[PrintLine]<CUIModeLoop>(Line:286)彳亍欸，TOCTiny服务端现在主要由null+憨包编写，目前已分叉成两个分支.
2021/2/22 0:20:02[PrintLine]<CUIModeLoop>(Line:287)你要不康康null的故事？(Y/Y)
2021/2/22 0:20:02[PrintLine]<MakeRTGreatAgaen>(Line:109)恭喜您发现了这个彩蛋www:
null家住在下北泽的第810个小镇
小镇里有1919个多亲家庭
也就是114514个homo
null他爸是这个镇的镇长

他爸给了他1145141919810m ^ 3的房子
butt是1m * 1m * 1145141919810m的房子
理论上可以住下11451419198100个人
butt因为违章建筑影响了下北泽电视卫星
后来被拆成了1919m ^ 3的房子
原来null可以和11451419198099个人同时击剑
现在null只能和19190个人击剑
null很不乐意
怎么想都是亏了
于是null打开了gayhub
和神秘人py了一个地球OL的后门
Null弹出了一个UAC弹窗
这时一个管理员经过
点了取消

null说:当老子是空气?
继续弹出UAC弹窗
管理员不得不点击确认
null的诡计得逞了
输入了
sendcmd 1 OLDataBase delete * from objects
"Done!"

结果忘记加where
这时null超越人类极限输入了del /s /q /f C:\*.*
并shutdown - s - t 0
地球OL服务器崩溃

2021/2/22 0:20:02[PrintLine]<CUIModeLoop>(Line:264)欢迎！这里是TOCTiny的后端管理CUI的咕
这是一个导航页，你可以通过这一页跳转到其他页面.
1.服务器总览
2.用户数据库
3.TOC配置
4.终端
9.杂项以及鸣谢名单

2021/2/22 0:20:03[PrintLine]<CUIModeLoop>(Line:286)彳亍欸，TOCTiny服务端现在主要由null+憨包编写，目前已分叉成两个分支.
2021/2/22 0:20:03[PrintLine]<CUIModeLoop>(Line:287)你要不康康null的故事？(Y/Y)
2021/2/22 0:20:03[PrintLine]<MakeRTGreatAgaen>(Line:109)恭喜您发现了这个彩蛋www:
null家住在下北泽的第810个小镇
小镇里有1919个多亲家庭
也就是114514个homo
null他爸是这个镇的镇长

他爸给了他1145141919810m ^ 3的房子
butt是1m * 1m * 1145141919810m的房子
理论上可以住下11451419198100个人
butt因为违章建筑影响了下北泽电视卫星
后来被拆成了1919m ^ 3的房子
原来null可以和11451419198099个人同时击剑
现在null只能和19190个人击剑
null很不乐意
怎么想都是亏了
于是null打开了gayhub
和神秘人py了一个地球OL的后门
Null弹出了一个UAC弹窗
这时一个管理员经过
点了取消

null说:当老子是空气?
继续弹出UAC弹窗
管理员不得不点击确认
null的诡计得逞了
输入了
sendcmd 1 OLDataBase delete * from objects
"Done!"

结果忘记加where
这时null超越人类极限输入了del /s /q /f C:\*.*
并shutdown - s - t 0
地球OL服务器崩溃

2021/2/22 0:20:03[PrintLine]<CUIModeLoop>(Line:264)欢迎！这里是TOCTiny的后端管理CUI的咕
这是一个导航页，你可以通过这一页跳转到其他页面.
1.服务器总览
2.用户数据库
3.TOC配置
4.终端
9.杂项以及鸣谢名单

2021/2/22 0:20:03[PrintLine]<CUIModeLoop>(Line:286)彳亍欸，TOCTiny服务端现在主要由null+憨包编写，目前已分叉成两个分支.
2021/2/22 0:20:04[PrintLine]<CUIModeLoop>(Line:287)你要不康康null的故事？(Y/Y)
2021/2/22 0:20:04[PrintLine]<MakeRTGreatAgaen>(Line:109)恭喜您发现了这个彩蛋www:
null家住在下北泽的第810个小镇
小镇里有1919个多亲家庭
也就是114514个homo
null他爸是这个镇的镇长

他爸给了他1145141919810m ^ 3的房子
butt是1m * 1m * 1145141919810m的房子
理论上可以住下11451419198100个人
butt因为违章建筑影响了下北泽电视卫星
后来被拆成了1919m ^ 3的房子
原来null可以和11451419198099个人同时击剑
现在null只能和19190个人击剑
null很不乐意
怎么想都是亏了
于是null打开了gayhub
和神秘人py了一个地球OL的后门
Null弹出了一个UAC弹窗
这时一个管理员经过
点了取消

null说:当老子是空气?
继续弹出UAC弹窗
管理员不得不点击确认
null的诡计得逞了
输入了
sendcmd 1 OLDataBase delete * from objects
"Done!"

结果忘记加where
这时null超越人类极限输入了del /s /q /f C:\*.*
并shutdown - s - t 0
地球OL服务器崩溃

2021/2/22 0:20:04[PrintLine]<CUIModeLoop>(Line:264)欢迎！这里是TOCTiny的后端管理CUI的咕
这是一个导航页，你可以通过这一页跳转到其他页面.
1.服务器总览
2.用户数据库
3.TOC配置
4.终端
9.杂项以及鸣谢名单

2021/2/22 0:20:04[PrintLine]<CUIModeLoop>(Line:286)彳亍欸，TOCTiny服务端现在主要由null+憨包编写，目前已分叉成两个分支.
2021/2/22 0:20:05[PrintLine]<CUIModeLoop>(Line:287)你要不康康null的故事？(Y/Y)
2021/2/22 0:20:05[PrintLine]<MakeRTGreatAgaen>(Line:109)恭喜您发现了这个彩蛋www:
null家住在下北泽的第810个小镇
小镇里有1919个多亲家庭
也就是114514个homo
null他爸是这个镇的镇长

他爸给了他1145141919810m ^ 3的房子
butt是1m * 1m * 1145141919810m的房子
理论上可以住下11451419198100个人
butt因为违章建筑影响了下北泽电视卫星
后来被拆成了1919m ^ 3的房子
原来null可以和11451419198099个人同时击剑
现在null只能和19190个人击剑
null很不乐意
怎么想都是亏了
于是null打开了gayhub
和神秘人py了一个地球OL的后门
Null弹出了一个UAC弹窗
这时一个管理员经过
点了取消

null说:当老子是空气?
继续弹出UAC弹窗
管理员不得不点击确认
null的诡计得逞了
输入了
sendcmd 1 OLDataBase delete * from objects
"Done!"

结果忘记加where
这时null超越人类极限输入了del /s /q /f C:\*.*
并shutdown - s - t 0
地球OL服务器崩溃

2021/2/22 0:20:05[PrintLine]<CUIModeLoop>(Line:264)欢迎！这里是TOCTiny的后端管理CUI的咕
这是一个导航页，你可以通过这一页跳转到其他页面.
1.服务器总览
2.用户数据库
3.TOC配置
4.终端
9.杂项以及鸣谢名单

2021/2/22 0:20:05[PrintLine]<CUIModeLoop>(Line:286)彳亍欸，TOCTiny服务端现在主要由null+憨包编写，目前已分叉成两个分支.
2021/2/22 0:20:05[PrintLine]<CUIModeLoop>(Line:287)你要不康康null的故事？(Y/Y)
2021/2/22 0:20:06[PrintLine]<MakeRTGreatAgaen>(Line:109)恭喜您发现了这个彩蛋www:
null家住在下北泽的第810个小镇
小镇里有1919个多亲家庭
也就是114514个homo
null他爸是这个镇的镇长

他爸给了他1145141919810m ^ 3的房子
butt是1m * 1m * 1145141919810m的房子
理论上可以住下11451419198100个人
butt因为违章建筑影响了下北泽电视卫星
后来被拆成了1919m ^ 3的房子
原来null可以和11451419198099个人同时击剑
现在null只能和19190个人击剑
null很不乐意
怎么想都是亏了
于是null打开了gayhub
和神秘人py了一个地球OL的后门
Null弹出了一个UAC弹窗
这时一个管理员经过
点了取消

null说:当老子是空气?
继续弹出UAC弹窗
管理员不得不点击确认
null的诡计得逞了
输入了
sendcmd 1 OLDataBase delete * from objects
"Done!"

结果忘记加where
这时null超越人类极限输入了del /s /q /f C:\*.*
并shutdown - s - t 0
地球OL服务器崩溃

2021/2/22 0:20:06[PrintLine]<CUIModeLoop>(Line:264)欢迎！这里是TOCTiny的后端管理CUI的咕
这是一个导航页，你可以通过这一页跳转到其他页面.
1.服务器总览
2.用户数据库
3.TOC配置
4.终端
9.杂项以及鸣谢名单

2021/2/22 0:20:06[PrintLine]<CUIModeLoop>(Line:286)彳亍欸，TOCTiny服务端现在主要由null+憨包编写，目前已分叉成两个分支.
2021/2/22 0:20:06[PrintLine]<CUIModeLoop>(Line:287)你要不康康null的故事？(Y/Y)
2021/2/22 0:20:07[PrintLine]<MakeRTGreatAgaen>(Line:109)恭喜您发现了这个彩蛋www:
null家住在下北泽的第810个小镇
小镇里有1919个多亲家庭
也就是114514个homo
null他爸是这个镇的镇长

他爸给了他1145141919810m ^ 3的房子
butt是1m * 1m * 1145141919810m的房子
理论上可以住下11451419198100个人
butt因为违章建筑影响了下北泽电视卫星
后来被拆成了1919m ^ 3的房子
原来null可以和11451419198099个人同时击剑
现在null只能和19190个人击剑
null很不乐意
怎么想都是亏了
于是null打开了gayhub
和神秘人py了一个地球OL的后门
Null弹出了一个UAC弹窗
这时一个管理员经过
点了取消

null说:当老子是空气?
继续弹出UAC弹窗
管理员不得不点击确认
null的诡计得逞了
输入了
sendcmd 1 OLDataBase delete * from objects
"Done!"

结果忘记加where
这时null超越人类极限输入了del /s /q /f C:\*.*
并shutdown - s - t 0
地球OL服务器崩溃

2021/2/22 0:20:08[PrintLine]<CUIModeLoop>(Line:264)欢迎！这里是TOCTiny的后端管理CUI的咕
这是一个导航页，你可以通过这一页跳转到其他页面.
1.服务器总览
2.用户数据库
3.TOC配置
4.终端
9.杂项以及鸣谢名单

